<?xml version="1.0" encoding="UTF-8"?>
<!-- Generated by org.testng.reporters.JUnitXMLReporter -->
<testsuite ignored="3" hostname="WBOX42" failures="4" tests="37" name="Test" time="2106.69" errors="0" timestamp="2024-06-28T09:56:16 IST">
  <testcase classname="prod.Alerts" name="create_Alert_Prod" time="99.677"/>
  <testcase classname="prod.Alerts" name="edit_Alert_Prod" time="65.777">
    <failure type="org.openqa.selenium.TimeoutException" message="Expected condition failed: waiting for element to be clickable: [[ChromeDriver: chrome-headless-shell on windows (b7209496ae10aad00e80fbb70e2648fa)] -&amp;gt; xpath: //button[text()=&amp;apos;Save&amp;apos;]] (tried for 30 second(s) with 500 milliseconds interval)
Build info: version: &amp;apos;4.21.0&amp;apos;, revision: &amp;apos;79ed462ef4&amp;apos;
System info: os.name: &amp;apos;Windows 10&amp;apos;, os.arch: &amp;apos;amd64&amp;apos;, os.version: &amp;apos;10.0&amp;apos;, java.version: &amp;apos;21.0.1&amp;apos;
Driver info: org.openqa.selenium.chrome.ChromeDriver
Capabilities {acceptInsecureCerts: false, browserName: chrome-headless-shell, browserVersion: 126.0.6478.127, chrome: {chromedriverVersion: 126.0.6478.126 (d36ace6122e..., userDataDir: C:\Users\wbox42\AppData\Loc...}, fedcm:accounts: true, goog:chromeOptions: {debuggerAddress: localhost:55436}, networkConnectionEnabled: false, pageLoadStrategy: normal, platformName: windows, proxy: Proxy(), se:cdp: ws://localhost:55436/devtoo..., se:cdpVersion: 126.0.6478.127, setWindowRect: true, strictFileInteractability: false, timeouts: {implicit: 0, pageLoad: 300000, script: 30000}, unhandledPromptBehavior: dismiss and notify, webauthn:extension:credBlob: true, webauthn:extension:largeBlob: true, webauthn:extension:minPinLength: true, webauthn:extension:prf: true, webauthn:virtualAuthenticators: true}
Session ID: b7209496ae10aad00e80fbb70e2648fa">
      <![CDATA[org.openqa.selenium.TimeoutException: Expected condition failed: waiting for element to be clickable: [[ChromeDriver: chrome-headless-shell on windows (b7209496ae10aad00e80fbb70e2648fa)] -> xpath: //button[text()='Save']] (tried for 30 second(s) with 500 milliseconds interval)
Build info: version: '4.21.0', revision: '79ed462ef4'
System info: os.name: 'Windows 10', os.arch: 'amd64', os.version: '10.0', java.version: '21.0.1'
Driver info: org.openqa.selenium.chrome.ChromeDriver
Capabilities {acceptInsecureCerts: false, browserName: chrome-headless-shell, browserVersion: 126.0.6478.127, chrome: {chromedriverVersion: 126.0.6478.126 (d36ace6122e..., userDataDir: C:\Users\wbox42\AppData\Loc...}, fedcm:accounts: true, goog:chromeOptions: {debuggerAddress: localhost:55436}, networkConnectionEnabled: false, pageLoadStrategy: normal, platformName: windows, proxy: Proxy(), se:cdp: ws://localhost:55436/devtoo..., se:cdpVersion: 126.0.6478.127, setWindowRect: true, strictFileInteractability: false, timeouts: {implicit: 0, pageLoad: 300000, script: 30000}, unhandledPromptBehavior: dismiss and notify, webauthn:extension:credBlob: true, webauthn:extension:largeBlob: true, webauthn:extension:minPinLength: true, webauthn:extension:prf: true, webauthn:virtualAuthenticators: true}
Session ID: b7209496ae10aad00e80fbb70e2648fa
at org.openqa.selenium.support.ui.WebDriverWait.timeoutException(WebDriverWait.java:84)
at org.openqa.selenium.support.ui.FluentWait.until(FluentWait.java:228)
at com.flightfinder.pomrepo.EditAlertElements.synchronised(EditAlertElements.java:26)
at com.flightfinder.pomrepo.EditAlertElements.getSaveButton(EditAlertElements.java:49)
at prod.Alerts.edit_Alert_Prod(Alerts.java:105)
at java.base/java.util.ArrayList.forEach(ArrayList.java:1596)
... Removed 25 stack frames]]>
    </failure>
  </testcase> <!-- edit_Alert_Prod -->
  <testcase classname="prod.Alerts" name="delete_Alert_Prod" time="39.952"/>
  <testcase classname="prod.Membership_Restrictions" name="date_range_restrictions_bronze" time="88.988"/>
  <testcase classname="prod.Membership_Restrictions" name="date_range_restrictions_silver" time="95.726"/>
  <testcase classname="prod.Membership_Restrictions" name="Check_bronze_mapPage_restrictions" time="81.112"/>
  <testcase classname="prod.Membership_Restrictions" name="check_one_alert_restriction_bronze" time="113.833"/>
  <testcase classname="prod.Membership_Restrictions" name="check_five_alert_restriction_silver" time="100.371"/>
  <testcase classname="prod.Regression" name="login_Invalid_Credentials_Prod" time="23.621"/>
  <testcase classname="prod.Regression" name="login_Valid_Credentials_Prod" time="31.333"/>
  <testcase classname="prod.Regression" name="signup_Bronze_Prod" time="30.397"/>
  <testcase classname="prod.Regression" name="popularArticles_Check_Prod" time="19.088"/>
  <testcase classname="prod.Regression" name="popularTopics_Check_Prod" time="15.871"/>
  <testcase classname="prod.Regression" name="popularBlogs_Check_Prod" time="18.106"/>
  <testcase classname="prod.Regression" name="AppstoreImage_Check_Prod" time="17.401"/>
  <testcase classname="prod.Regression" name="KbarHeaderProd" time="8.827"/>
  <testcase classname="prod.Regression" name="GuestuserProd" time="47.102"/>
  <testcase classname="prod.Regression" name="facebookProd" time="32.035"/>
  <testcase classname="prod.Regression" name="TwitterProd" time="34.951"/>
  <testcase classname="prod.Regression" name="LinkedinProd" time="21.203"/>
  <testcase classname="prod.Regression" name="InstagramProd" time="31.332"/>
  <testcase classname="prod.Regression" name="GooglePlayProd" time="29.35"/>
  <testcase classname="prod.Regression" name="ApplestoreProd" time="31.384"/>
  <testcase classname="prod.Regression" name="Check_Map_Page_Destinations" time="94.912"/>
  <testcase classname="stage.Alerts" name="create_Alert_Stage" time="92.97">
    <failure type="org.openqa.selenium.TimeoutException" message="Expected condition failed: waiting for visibility of element located by By.xpath: //button[text()=&amp;apos;Create Alert&amp;apos;] (tried for 30 second(s) with 500 milliseconds interval)
Build info: version: &amp;apos;4.21.0&amp;apos;, revision: &amp;apos;79ed462ef4&amp;apos;
System info: os.name: &amp;apos;Windows 10&amp;apos;, os.arch: &amp;apos;amd64&amp;apos;, os.version: &amp;apos;10.0&amp;apos;, java.version: &amp;apos;21.0.1&amp;apos;
Driver info: org.openqa.selenium.chrome.ChromeDriver
Capabilities {acceptInsecureCerts: false, browserName: chrome-headless-shell, browserVersion: 126.0.6478.127, chrome: {chromedriverVersion: 126.0.6478.126 (d36ace6122e..., userDataDir: C:\Users\wbox42\AppData\Loc...}, fedcm:accounts: true, goog:chromeOptions: {debuggerAddress: localhost:58494}, networkConnectionEnabled: false, pageLoadStrategy: normal, platformName: windows, proxy: Proxy(), se:cdp: ws://localhost:58494/devtoo..., se:cdpVersion: 126.0.6478.127, setWindowRect: true, strictFileInteractability: false, timeouts: {implicit: 0, pageLoad: 300000, script: 30000}, unhandledPromptBehavior: dismiss and notify, webauthn:extension:credBlob: true, webauthn:extension:largeBlob: true, webauthn:extension:minPinLength: true, webauthn:extension:prf: true, webauthn:virtualAuthenticators: true}
Session ID: 66a4c75bd9cb154b95c0f22d17395c5a">
      <![CDATA[org.openqa.selenium.TimeoutException: Expected condition failed: waiting for visibility of element located by By.xpath: //button[text()='Create Alert'] (tried for 30 second(s) with 500 milliseconds interval)
Build info: version: '4.21.0', revision: '79ed462ef4'
System info: os.name: 'Windows 10', os.arch: 'amd64', os.version: '10.0', java.version: '21.0.1'
Driver info: org.openqa.selenium.chrome.ChromeDriver
Capabilities {acceptInsecureCerts: false, browserName: chrome-headless-shell, browserVersion: 126.0.6478.127, chrome: {chromedriverVersion: 126.0.6478.126 (d36ace6122e..., userDataDir: C:\Users\wbox42\AppData\Loc...}, fedcm:accounts: true, goog:chromeOptions: {debuggerAddress: localhost:58494}, networkConnectionEnabled: false, pageLoadStrategy: normal, platformName: windows, proxy: Proxy(), se:cdp: ws://localhost:58494/devtoo..., se:cdpVersion: 126.0.6478.127, setWindowRect: true, strictFileInteractability: false, timeouts: {implicit: 0, pageLoad: 300000, script: 30000}, unhandledPromptBehavior: dismiss and notify, webauthn:extension:credBlob: true, webauthn:extension:largeBlob: true, webauthn:extension:minPinLength: true, webauthn:extension:prf: true, webauthn:virtualAuthenticators: true}
Session ID: 66a4c75bd9cb154b95c0f22d17395c5a
at org.openqa.selenium.support.ui.WebDriverWait.timeoutException(WebDriverWait.java:84)
at org.openqa.selenium.support.ui.FluentWait.until(FluentWait.java:228)
at com.flightfinder.pomrepo.CreateAlertElements.synchronised(CreateAlertElements.java:24)
at com.flightfinder.pomrepo.CreateAlertElements.getCreateAlertButton(CreateAlertElements.java:72)
at stage.Alerts.create_Alert_Stage(Alerts.java:52)
at java.base/java.util.ArrayList.forEach(ArrayList.java:1596)
... Removed 25 stack frames]]>
    </failure>
  </testcase> <!-- create_Alert_Stage -->
  <testcase classname="stage.Alerts" name="edit_Alert_Stage" time="41.077">
    <failure type="org.openqa.selenium.NoSuchElementException" message="no such element: Unable to locate element: {&amp;quot;method&amp;quot;:&amp;quot;xpath&amp;quot;,&amp;quot;selector&amp;quot;:&amp;quot;//span[text()=&amp;apos;null&amp;apos;][1]/ancestor::div[@class=&amp;apos;alert-box droppable&amp;apos;]//p[text()=&amp;apos;Edit Alert&amp;apos;]/..&amp;quot;}
  (Session info: chrome-headless-shell=126.0.6478.127)
For documentation on this error, please visit: https://www.selenium.dev/documentation/webdriver/troubleshooting/errors#no-such-element-exception
Build info: version: &amp;apos;4.21.0&amp;apos;, revision: &amp;apos;79ed462ef4&amp;apos;
System info: os.name: &amp;apos;Windows 10&amp;apos;, os.arch: &amp;apos;amd64&amp;apos;, os.version: &amp;apos;10.0&amp;apos;, java.version: &amp;apos;21.0.1&amp;apos;
Driver info: org.openqa.selenium.chrome.ChromeDriver
Command: [87ed0cbbba653c19662467f367851378, findElement {value=//span[text()=&amp;apos;null&amp;apos;][1]/ancestor::div[@class=&amp;apos;alert-box droppable&amp;apos;]//p[text()=&amp;apos;Edit Alert&amp;apos;]/.., using=xpath}]
Capabilities {acceptInsecureCerts: false, browserName: chrome-headless-shell, browserVersion: 126.0.6478.127, chrome: {chromedriverVersion: 126.0.6478.126 (d36ace6122e..., userDataDir: C:\Users\wbox42\AppData\Loc...}, fedcm:accounts: true, goog:chromeOptions: {debuggerAddress: localhost:58745}, networkConnectionEnabled: false, pageLoadStrategy: normal, platformName: windows, proxy: Proxy(), se:cdp: ws://localhost:58745/devtoo..., se:cdpVersion: 126.0.6478.127, setWindowRect: true, strictFileInteractability: false, timeouts: {implicit: 0, pageLoad: 300000, script: 30000}, unhandledPromptBehavior: dismiss and notify, webauthn:extension:credBlob: true, webauthn:extension:largeBlob: true, webauthn:extension:minPinLength: true, webauthn:extension:prf: true, webauthn:virtualAuthenticators: true}
Session ID: 87ed0cbbba653c19662467f367851378">
      <![CDATA[org.openqa.selenium.NoSuchElementException: no such element: Unable to locate element: {"method":"xpath","selector":"//span[text()='null'][1]/ancestor::div[@class='alert-box droppable']//p[text()='Edit Alert']/.."}
  (Session info: chrome-headless-shell=126.0.6478.127)
For documentation on this error, please visit: https://www.selenium.dev/documentation/webdriver/troubleshooting/errors#no-such-element-exception
Build info: version: '4.21.0', revision: '79ed462ef4'
System info: os.name: 'Windows 10', os.arch: 'amd64', os.version: '10.0', java.version: '21.0.1'
Driver info: org.openqa.selenium.chrome.ChromeDriver
Command: [87ed0cbbba653c19662467f367851378, findElement {value=//span[text()='null'][1]/ancestor::div[@class='alert-box droppable']//p[text()='Edit Alert']/.., using=xpath}]
Capabilities {acceptInsecureCerts: false, browserName: chrome-headless-shell, browserVersion: 126.0.6478.127, chrome: {chromedriverVersion: 126.0.6478.126 (d36ace6122e..., userDataDir: C:\Users\wbox42\AppData\Loc...}, fedcm:accounts: true, goog:chromeOptions: {debuggerAddress: localhost:58745}, networkConnectionEnabled: false, pageLoadStrategy: normal, platformName: windows, proxy: Proxy(), se:cdp: ws://localhost:58745/devtoo..., se:cdpVersion: 126.0.6478.127, setWindowRect: true, strictFileInteractability: false, timeouts: {implicit: 0, pageLoad: 300000, script: 30000}, unhandledPromptBehavior: dismiss and notify, webauthn:extension:credBlob: true, webauthn:extension:largeBlob: true, webauthn:extension:minPinLength: true, webauthn:extension:prf: true, webauthn:virtualAuthenticators: true}
Session ID: 87ed0cbbba653c19662467f367851378
at org.openqa.selenium.remote.ErrorCodec.decode(ErrorCodec.java:167)
at org.openqa.selenium.remote.codec.w3c.W3CHttpResponseCodec.decode(W3CHttpResponseCodec.java:138)
at org.openqa.selenium.remote.codec.w3c.W3CHttpResponseCodec.decode(W3CHttpResponseCodec.java:50)
at org.openqa.selenium.remote.HttpCommandExecutor.execute(HttpCommandExecutor.java:190)
at org.openqa.selenium.remote.service.DriverCommandExecutor.invokeExecute(DriverCommandExecutor.java:216)
at org.openqa.selenium.remote.service.DriverCommandExecutor.execute(DriverCommandExecutor.java:174)
at org.openqa.selenium.remote.RemoteWebDriver.execute(RemoteWebDriver.java:518)
at org.openqa.selenium.remote.ElementLocation$ElementFinder$2.findElement(ElementLocation.java:165)
at org.openqa.selenium.remote.ElementLocation.findElement(ElementLocation.java:59)
at org.openqa.selenium.remote.RemoteWebDriver.findElement(RemoteWebDriver.java:355)
at org.openqa.selenium.remote.RemoteWebDriver.findElement(RemoteWebDriver.java:349)
at com.flightfinder.pomrepo.DeleteAlertElements.getEditAlertButton(DeleteAlertElements.java:51)
at stage.Alerts.edit_Alert_Stage(Alerts.java:95)
at java.base/java.util.ArrayList.forEach(ArrayList.java:1596)
... Removed 28 stack frames]]>
    </failure>
  </testcase> <!-- edit_Alert_Stage -->
  <testcase classname="stage.Alerts" name="delete_Alert_Stage" time="40.363">
    <failure type="org.openqa.selenium.NoSuchElementException" message="no such element: Unable to locate element: {&amp;quot;method&amp;quot;:&amp;quot;xpath&amp;quot;,&amp;quot;selector&amp;quot;:&amp;quot;//span[text()=&amp;apos;null&amp;apos;][1]/ancestor::div[@class=&amp;apos;alert-box droppable&amp;apos;]//p[text()=&amp;apos;Edit Alert&amp;apos;]/..&amp;quot;}
  (Session info: chrome-headless-shell=126.0.6478.127)
For documentation on this error, please visit: https://www.selenium.dev/documentation/webdriver/troubleshooting/errors#no-such-element-exception
Build info: version: &amp;apos;4.21.0&amp;apos;, revision: &amp;apos;79ed462ef4&amp;apos;
System info: os.name: &amp;apos;Windows 10&amp;apos;, os.arch: &amp;apos;amd64&amp;apos;, os.version: &amp;apos;10.0&amp;apos;, java.version: &amp;apos;21.0.1&amp;apos;
Driver info: org.openqa.selenium.chrome.ChromeDriver
Command: [e4f8dccccf20fb48cd574f71decc5df7, findElement {value=//span[text()=&amp;apos;null&amp;apos;][1]/ancestor::div[@class=&amp;apos;alert-box droppable&amp;apos;]//p[text()=&amp;apos;Edit Alert&amp;apos;]/.., using=xpath}]
Capabilities {acceptInsecureCerts: false, browserName: chrome-headless-shell, browserVersion: 126.0.6478.127, chrome: {chromedriverVersion: 126.0.6478.126 (d36ace6122e..., userDataDir: C:\Users\wbox42\AppData\Loc...}, fedcm:accounts: true, goog:chromeOptions: {debuggerAddress: localhost:58828}, networkConnectionEnabled: false, pageLoadStrategy: normal, platformName: windows, proxy: Proxy(), se:cdp: ws://localhost:58828/devtoo..., se:cdpVersion: 126.0.6478.127, setWindowRect: true, strictFileInteractability: false, timeouts: {implicit: 0, pageLoad: 300000, script: 30000}, unhandledPromptBehavior: dismiss and notify, webauthn:extension:credBlob: true, webauthn:extension:largeBlob: true, webauthn:extension:minPinLength: true, webauthn:extension:prf: true, webauthn:virtualAuthenticators: true}
Session ID: e4f8dccccf20fb48cd574f71decc5df7">
      <![CDATA[org.openqa.selenium.NoSuchElementException: no such element: Unable to locate element: {"method":"xpath","selector":"//span[text()='null'][1]/ancestor::div[@class='alert-box droppable']//p[text()='Edit Alert']/.."}
  (Session info: chrome-headless-shell=126.0.6478.127)
For documentation on this error, please visit: https://www.selenium.dev/documentation/webdriver/troubleshooting/errors#no-such-element-exception
Build info: version: '4.21.0', revision: '79ed462ef4'
System info: os.name: 'Windows 10', os.arch: 'amd64', os.version: '10.0', java.version: '21.0.1'
Driver info: org.openqa.selenium.chrome.ChromeDriver
Command: [e4f8dccccf20fb48cd574f71decc5df7, findElement {value=//span[text()='null'][1]/ancestor::div[@class='alert-box droppable']//p[text()='Edit Alert']/.., using=xpath}]
Capabilities {acceptInsecureCerts: false, browserName: chrome-headless-shell, browserVersion: 126.0.6478.127, chrome: {chromedriverVersion: 126.0.6478.126 (d36ace6122e..., userDataDir: C:\Users\wbox42\AppData\Loc...}, fedcm:accounts: true, goog:chromeOptions: {debuggerAddress: localhost:58828}, networkConnectionEnabled: false, pageLoadStrategy: normal, platformName: windows, proxy: Proxy(), se:cdp: ws://localhost:58828/devtoo..., se:cdpVersion: 126.0.6478.127, setWindowRect: true, strictFileInteractability: false, timeouts: {implicit: 0, pageLoad: 300000, script: 30000}, unhandledPromptBehavior: dismiss and notify, webauthn:extension:credBlob: true, webauthn:extension:largeBlob: true, webauthn:extension:minPinLength: true, webauthn:extension:prf: true, webauthn:virtualAuthenticators: true}
Session ID: e4f8dccccf20fb48cd574f71decc5df7
at org.openqa.selenium.remote.ErrorCodec.decode(ErrorCodec.java:167)
at org.openqa.selenium.remote.codec.w3c.W3CHttpResponseCodec.decode(W3CHttpResponseCodec.java:138)
at org.openqa.selenium.remote.codec.w3c.W3CHttpResponseCodec.decode(W3CHttpResponseCodec.java:50)
at org.openqa.selenium.remote.HttpCommandExecutor.execute(HttpCommandExecutor.java:190)
at org.openqa.selenium.remote.service.DriverCommandExecutor.invokeExecute(DriverCommandExecutor.java:216)
at org.openqa.selenium.remote.service.DriverCommandExecutor.execute(DriverCommandExecutor.java:174)
at org.openqa.selenium.remote.RemoteWebDriver.execute(RemoteWebDriver.java:518)
at org.openqa.selenium.remote.ElementLocation$ElementFinder$2.findElement(ElementLocation.java:165)
at org.openqa.selenium.remote.ElementLocation.findElement(ElementLocation.java:59)
at org.openqa.selenium.remote.RemoteWebDriver.findElement(RemoteWebDriver.java:355)
at org.openqa.selenium.remote.RemoteWebDriver.findElement(RemoteWebDriver.java:349)
at com.flightfinder.pomrepo.DeleteAlertElements.getEditAlertButton(DeleteAlertElements.java:51)
at stage.Alerts.delete_Alert_Stage(Alerts.java:125)
at java.base/java.util.ArrayList.forEach(ArrayList.java:1596)
... Removed 28 stack frames]]>
    </failure>
  </testcase> <!-- delete_Alert_Stage -->
  <testcase classname="stage.SignupStage" name="signup_Bronze_Stage" time="50.291"/>
  <testcase classname="stage.SignupStage" name="signup_SilverYearly_Stage" time="70.067"/>
  <testcase classname="stage.SignupStage" name="signup_GoldYearly_Stage" time="69.94"/>
  <testcase classname="stage.SignupStage" name="signup_SilverMonthly_Stage" time="71.489"/>
  <testcase classname="stage.SignupStage" name="signup_GoldMonthly_Stage" time="69.653"/>
  <testcase classname="dev.SignupDev" name="signup_Bronze_Dev" time="49.825"/>
  <testcase classname="dev.SignupDev" name="signup_SilverYearly_Dev" time="68.135"/>
  <testcase classname="dev.SignupDev" name="signup_GoldYearly_Dev" time="69.677"/>
  <testcase classname="dev.SignupDev" name="signup_SilverMonthly_Dev" time="70.728"/>
  <testcase classname="dev.SignupDev" name="signup_GoldMonthly_Dev" time="69.411"/>
  <testcase classname="prod.Regression" name="login_With_Facebook_Prod" time="0.0">
    <ignored/>
  </testcase> <!-- login_With_Facebook_Prod -->
  <testcase classname="prod.Regression" name="login_With_Google_Prod" time="0.0">
    <ignored/>
  </testcase> <!-- login_With_Google_Prod -->
  <testcase classname="prod.Regression" name="login_With_Apple_Prod" time="0.0">
    <ignored/>
  </testcase> <!-- login_With_Apple_Prod -->
</testsuite> <!-- Test -->
