<html>
<head>
<title>TestNG:  Test</title>
<link href="../testng.css" rel="stylesheet" type="text/css" />
<link href="../my-testng.css" rel="stylesheet" type="text/css" />

<style type="text/css">
.log { display: none;} 
.stack-trace { display: none;} 
</style>
<script type="text/javascript">
<!--
function flip(e) {
  current = e.style.display;
  if (current == 'block') {
    e.style.display = 'none';
    return 0;
  }
  else {
    e.style.display = 'block';
    return 1;
  }
}

function toggleBox(szDivId, elem, msg1, msg2)
{
  var res = -1;  if (document.getElementById) {
    res = flip(document.getElementById(szDivId));
  }
  else if (document.all) {
    // this is the way old msie versions work
    res = flip(document.all[szDivId]);
  }
  if(elem) {
    if(res == 0) elem.innerHTML = msg1; else elem.innerHTML = msg2;
  }

}

function toggleAllBoxes() {
  if (document.getElementsByTagName) {
    d = document.getElementsByTagName('div');
    for (i = 0; i < d.length; i++) {
      if (d[i].className == 'log') {
        flip(d[i]);
      }
    }
  }
}

// -->
</script>

</head>
<body>
<h2 align='center'>Test</h2><table border='1' align="center">
<tr>
<td>Tests passed/Failed/Skipped:</td><td>33/4/0</td>
</tr><tr>
<td>Started on:</td><td>Fri Jun 28 09:21:09 IST 2024</td>
</tr>
<tr><td>Total time:</td><td>2106 seconds (2106690 ms)</td>
</tr><tr>
<td>Included groups:</td><td></td>
</tr><tr>
<td>Excluded groups:</td><td></td>
</tr>
</table><p/>
<small><i>(Hover the method name to see the test class name)</i></small><p/>
<table width='100%' border='1' class='invocation-failed'>
<tr><td colspan='4' align='center'><b>FAILED TESTS</b></td></tr>
<tr><td><b>Test method</b></td>
<td><b>Attribute(s)</b></td>
<td width="30%"><b>Exception</b></td>
<td width="10%"><b>Time (seconds)</b></td>
<td><b>Instance</b></td>
</tr>
<tr>
<td title='stage.Alerts.delete_Alert_Stage()'><b>delete_Alert_Stage</b><br>Test class: stage.Alerts<br>Test method: Delete Alert on stage environment</td>
<td><div><pre>org.openqa.selenium.NoSuchElementException: no such element: Unable to locate element: {&quot;method&quot;:&quot;xpath&quot;,&quot;selector&quot;:&quot;//span[text()=&apos;null&apos;][1]/ancestor::div[@class=&apos;alert-box droppable&apos;]//p[text()=&apos;Edit Alert&apos;]/..&quot;}
  (Session info: chrome-headless-shell=126.0.6478.127)
For documentation on this error, please visit: https://www.selenium.dev/documentation/webdriver/troubleshooting/errors#no-such-element-exception
Build info: version: &apos;4.21.0&apos;, revision: &apos;79ed462ef4&apos;
System info: os.name: &apos;Windows 10&apos;, os.arch: &apos;amd64&apos;, os.version: &apos;10.0&apos;, java.version: &apos;21.0.1&apos;
Driver info: org.openqa.selenium.chrome.ChromeDriver
Command: [e4f8dccccf20fb48cd574f71decc5df7, findElement {value=//span[text()=&apos;null&apos;][1]/ancestor::div[@class=&apos;alert-box droppable&apos;]//p[text()=&apos;Edit Alert&apos;]/.., using=xpath}]
Capabilities {acceptInsecureCerts: false, browserName: chrome-headless-shell, browserVersion: 126.0.6478.127, chrome: {chromedriverVersion: 126.0.6478.126 (d36ace6122e..., userDataDir: C:\Users\wbox42\AppData\Loc...}, fedcm:accounts: true, goog:chromeOptions: {debuggerAddress: localhost:58828}, networkConnectionEnabled: false, pageLoadStrategy: normal, platformName: windows, proxy: Proxy(), se:cdp: ws://localhost:58828/devtoo..., se:cdpVersion: 126.0.6478.127, setWindowRect: true, strictFileInteractability: false, timeouts: {implicit: 0, pageLoad: 300000, script: 30000}, unhandledPromptBehavior: dismiss and notify, webauthn:extension:credBlob: true, webauthn:extension:largeBlob: true, webauthn:extension:minPinLength: true, webauthn:extension:prf: true, webauthn:virtualAuthenticators: true}
Session ID: e4f8dccccf20fb48cd574f71decc5df7
	at org.openqa.selenium.remote.ErrorCodec.decode(ErrorCodec.java:167)
	at org.openqa.selenium.remote.codec.w3c.W3CHttpResponseCodec.decode(W3CHttpResponseCodec.java:138)
	at org.openqa.selenium.remote.codec.w3c.W3CHttpResponseCodec.decode(W3CHttpResponseCodec.java:50)
	at org.openqa.selenium.remote.HttpCommandExecutor.execute(HttpCommandExecutor.java:190)
	at org.openqa.selenium.remote.service.DriverCommandExecutor.invokeExecute(DriverCommandExecutor.java:216)
	at org.openqa.selenium.remote.service.DriverCommandExecutor.execute(DriverCommandExecutor.java:174)
	at org.openqa.selenium.remote.RemoteWebDriver.execute(RemoteWebDriver.java:518)
	at org.openqa.selenium.remote.ElementLocation$ElementFinder$2.findElement(ElementLocation.java:165)
	at org.openqa.selenium.remote.ElementLocation.findElement(ElementLocation.java:59)
	at org.openqa.selenium.remote.RemoteWebDriver.findElement(RemoteWebDriver.java:355)
	at org.openqa.selenium.remote.RemoteWebDriver.findElement(RemoteWebDriver.java:349)
	at com.flightfinder.pomrepo.DeleteAlertElements.getEditAlertButton(DeleteAlertElements.java:51)
	at stage.Alerts.delete_Alert_Stage(Alerts.java:125)
	at java.base/java.util.ArrayList.forEach(ArrayList.java:1596)
... Removed 28 stack frames</pre></div><a href='#' onClick='toggleBox("stack-trace1683422404", this, "Click to show all stack frames", "Click to hide stack frames")'>Click to show all stack frames</a>
<div class='stack-trace' id='stack-trace1683422404'><pre>org.openqa.selenium.NoSuchElementException: no such element: Unable to locate element: {&quot;method&quot;:&quot;xpath&quot;,&quot;selector&quot;:&quot;//span[text()=&apos;null&apos;][1]/ancestor::div[@class=&apos;alert-box droppable&apos;]//p[text()=&apos;Edit Alert&apos;]/..&quot;}
  (Session info: chrome-headless-shell=126.0.6478.127)
For documentation on this error, please visit: https://www.selenium.dev/documentation/webdriver/troubleshooting/errors#no-such-element-exception
Build info: version: &apos;4.21.0&apos;, revision: &apos;79ed462ef4&apos;
System info: os.name: &apos;Windows 10&apos;, os.arch: &apos;amd64&apos;, os.version: &apos;10.0&apos;, java.version: &apos;21.0.1&apos;
Driver info: org.openqa.selenium.chrome.ChromeDriver
Command: [e4f8dccccf20fb48cd574f71decc5df7, findElement {value=//span[text()=&apos;null&apos;][1]/ancestor::div[@class=&apos;alert-box droppable&apos;]//p[text()=&apos;Edit Alert&apos;]/.., using=xpath}]
Capabilities {acceptInsecureCerts: false, browserName: chrome-headless-shell, browserVersion: 126.0.6478.127, chrome: {chromedriverVersion: 126.0.6478.126 (d36ace6122e..., userDataDir: C:\Users\wbox42\AppData\Loc...}, fedcm:accounts: true, goog:chromeOptions: {debuggerAddress: localhost:58828}, networkConnectionEnabled: false, pageLoadStrategy: normal, platformName: windows, proxy: Proxy(), se:cdp: ws://localhost:58828/devtoo..., se:cdpVersion: 126.0.6478.127, setWindowRect: true, strictFileInteractability: false, timeouts: {implicit: 0, pageLoad: 300000, script: 30000}, unhandledPromptBehavior: dismiss and notify, webauthn:extension:credBlob: true, webauthn:extension:largeBlob: true, webauthn:extension:minPinLength: true, webauthn:extension:prf: true, webauthn:virtualAuthenticators: true}
Session ID: e4f8dccccf20fb48cd574f71decc5df7
	at java.base/jdk.internal.reflect.DirectConstructorHandleAccessor.newInstance(DirectConstructorHandleAccessor.java:62)
	at java.base/java.lang.reflect.Constructor.newInstanceWithCaller(Constructor.java:502)
	at java.base/java.lang.reflect.Constructor.newInstance(Constructor.java:486)
	at org.openqa.selenium.remote.ErrorCodec.decode(ErrorCodec.java:167)
	at org.openqa.selenium.remote.codec.w3c.W3CHttpResponseCodec.decode(W3CHttpResponseCodec.java:138)
	at org.openqa.selenium.remote.codec.w3c.W3CHttpResponseCodec.decode(W3CHttpResponseCodec.java:50)
	at org.openqa.selenium.remote.HttpCommandExecutor.execute(HttpCommandExecutor.java:190)
	at org.openqa.selenium.remote.service.DriverCommandExecutor.invokeExecute(DriverCommandExecutor.java:216)
	at org.openqa.selenium.remote.service.DriverCommandExecutor.execute(DriverCommandExecutor.java:174)
	at org.openqa.selenium.remote.RemoteWebDriver.execute(RemoteWebDriver.java:518)
	at org.openqa.selenium.remote.ElementLocation$ElementFinder$2.findElement(ElementLocation.java:165)
	at org.openqa.selenium.remote.ElementLocation.findElement(ElementLocation.java:59)
	at org.openqa.selenium.remote.RemoteWebDriver.findElement(RemoteWebDriver.java:355)
	at org.openqa.selenium.remote.RemoteWebDriver.findElement(RemoteWebDriver.java:349)
	at com.flightfinder.pomrepo.DeleteAlertElements.getEditAlertButton(DeleteAlertElements.java:51)
	at stage.Alerts.delete_Alert_Stage(Alerts.java:125)
	at java.base/jdk.internal.reflect.DirectMethodHandleAccessor.invoke(DirectMethodHandleAccessor.java:103)
	at java.base/java.lang.reflect.Method.invoke(Method.java:580)
	at org.testng.internal.invokers.MethodInvocationHelper.invokeMethod(MethodInvocationHelper.java:139)
	at org.testng.internal.invokers.TestInvoker.invokeMethod(TestInvoker.java:677)
	at org.testng.internal.invokers.TestInvoker.invokeTestMethod(TestInvoker.java:221)
	at org.testng.internal.invokers.MethodRunner.runInSequence(MethodRunner.java:50)
	at org.testng.internal.invokers.TestInvoker$MethodInvocationAgent.invoke(TestInvoker.java:969)
	at org.testng.internal.invokers.TestInvoker.invokeTestMethods(TestInvoker.java:194)
	at org.testng.internal.invokers.TestMethodWorker.invokeTestMethods(TestMethodWorker.java:148)
	at org.testng.internal.invokers.TestMethodWorker.run(TestMethodWorker.java:128)
	at java.base/java.util.ArrayList.forEach(ArrayList.java:1596)
	at org.testng.TestRunner.privateRun(TestRunner.java:829)
	at org.testng.TestRunner.run(TestRunner.java:602)
	at org.testng.SuiteRunner.runTest(SuiteRunner.java:437)
	at org.testng.SuiteRunner.runSequentially(SuiteRunner.java:431)
	at org.testng.SuiteRunner.privateRun(SuiteRunner.java:391)
	at org.testng.SuiteRunner.run(SuiteRunner.java:330)
	at org.testng.SuiteRunnerWorker.runSuite(SuiteRunnerWorker.java:52)
	at org.testng.SuiteRunnerWorker.run(SuiteRunnerWorker.java:95)
	at org.testng.TestNG.runSuitesSequentially(TestNG.java:1256)
	at org.testng.TestNG.runSuitesLocally(TestNG.java:1176)
	at org.testng.TestNG.runSuites(TestNG.java:1099)
	at org.testng.TestNG.run(TestNG.java:1067)
	at org.testng.remote.AbstractRemoteTestNG.run(AbstractRemoteTestNG.java:115)
	at org.testng.remote.RemoteTestNG.initAndRun(RemoteTestNG.java:251)
	at org.testng.remote.RemoteTestNG.main(RemoteTestNG.java:77)
</pre></div></td>
<td>40</td>
<td>stage.Alerts@235a0c16</td></tr>
<tr>
<td title='prod.Alerts.edit_Alert_Prod()'><b>edit_Alert_Prod</b><br>Test class: prod.Alerts<br>Test method: Edit an Alert on prod environment</td>
<td><div><pre>org.openqa.selenium.TimeoutException: Expected condition failed: waiting for element to be clickable: [[ChromeDriver: chrome-headless-shell on windows (b7209496ae10aad00e80fbb70e2648fa)] -&gt; xpath: //button[text()=&apos;Save&apos;]] (tried for 30 second(s) with 500 milliseconds interval)
Build info: version: &apos;4.21.0&apos;, revision: &apos;79ed462ef4&apos;
System info: os.name: &apos;Windows 10&apos;, os.arch: &apos;amd64&apos;, os.version: &apos;10.0&apos;, java.version: &apos;21.0.1&apos;
Driver info: org.openqa.selenium.chrome.ChromeDriver
Capabilities {acceptInsecureCerts: false, browserName: chrome-headless-shell, browserVersion: 126.0.6478.127, chrome: {chromedriverVersion: 126.0.6478.126 (d36ace6122e..., userDataDir: C:\Users\wbox42\AppData\Loc...}, fedcm:accounts: true, goog:chromeOptions: {debuggerAddress: localhost:55436}, networkConnectionEnabled: false, pageLoadStrategy: normal, platformName: windows, proxy: Proxy(), se:cdp: ws://localhost:55436/devtoo..., se:cdpVersion: 126.0.6478.127, setWindowRect: true, strictFileInteractability: false, timeouts: {implicit: 0, pageLoad: 300000, script: 30000}, unhandledPromptBehavior: dismiss and notify, webauthn:extension:credBlob: true, webauthn:extension:largeBlob: true, webauthn:extension:minPinLength: true, webauthn:extension:prf: true, webauthn:virtualAuthenticators: true}
Session ID: b7209496ae10aad00e80fbb70e2648fa
	at org.openqa.selenium.support.ui.WebDriverWait.timeoutException(WebDriverWait.java:84)
	at org.openqa.selenium.support.ui.FluentWait.until(FluentWait.java:228)
	at com.flightfinder.pomrepo.EditAlertElements.synchronised(EditAlertElements.java:26)
	at com.flightfinder.pomrepo.EditAlertElements.getSaveButton(EditAlertElements.java:49)
	at prod.Alerts.edit_Alert_Prod(Alerts.java:105)
	at java.base/java.util.ArrayList.forEach(ArrayList.java:1596)
... Removed 25 stack frames</pre></div><a href='#' onClick='toggleBox("stack-trace1474310983", this, "Click to show all stack frames", "Click to hide stack frames")'>Click to show all stack frames</a>
<div class='stack-trace' id='stack-trace1474310983'><pre>org.openqa.selenium.TimeoutException: Expected condition failed: waiting for element to be clickable: [[ChromeDriver: chrome-headless-shell on windows (b7209496ae10aad00e80fbb70e2648fa)] -&gt; xpath: //button[text()=&apos;Save&apos;]] (tried for 30 second(s) with 500 milliseconds interval)
Build info: version: &apos;4.21.0&apos;, revision: &apos;79ed462ef4&apos;
System info: os.name: &apos;Windows 10&apos;, os.arch: &apos;amd64&apos;, os.version: &apos;10.0&apos;, java.version: &apos;21.0.1&apos;
Driver info: org.openqa.selenium.chrome.ChromeDriver
Capabilities {acceptInsecureCerts: false, browserName: chrome-headless-shell, browserVersion: 126.0.6478.127, chrome: {chromedriverVersion: 126.0.6478.126 (d36ace6122e..., userDataDir: C:\Users\wbox42\AppData\Loc...}, fedcm:accounts: true, goog:chromeOptions: {debuggerAddress: localhost:55436}, networkConnectionEnabled: false, pageLoadStrategy: normal, platformName: windows, proxy: Proxy(), se:cdp: ws://localhost:55436/devtoo..., se:cdpVersion: 126.0.6478.127, setWindowRect: true, strictFileInteractability: false, timeouts: {implicit: 0, pageLoad: 300000, script: 30000}, unhandledPromptBehavior: dismiss and notify, webauthn:extension:credBlob: true, webauthn:extension:largeBlob: true, webauthn:extension:minPinLength: true, webauthn:extension:prf: true, webauthn:virtualAuthenticators: true}
Session ID: b7209496ae10aad00e80fbb70e2648fa
	at org.openqa.selenium.support.ui.WebDriverWait.timeoutException(WebDriverWait.java:84)
	at org.openqa.selenium.support.ui.FluentWait.until(FluentWait.java:228)
	at com.flightfinder.pomrepo.EditAlertElements.synchronised(EditAlertElements.java:26)
	at com.flightfinder.pomrepo.EditAlertElements.getSaveButton(EditAlertElements.java:49)
	at prod.Alerts.edit_Alert_Prod(Alerts.java:105)
	at java.base/jdk.internal.reflect.DirectMethodHandleAccessor.invoke(DirectMethodHandleAccessor.java:103)
	at java.base/java.lang.reflect.Method.invoke(Method.java:580)
	at org.testng.internal.invokers.MethodInvocationHelper.invokeMethod(MethodInvocationHelper.java:139)
	at org.testng.internal.invokers.TestInvoker.invokeMethod(TestInvoker.java:677)
	at org.testng.internal.invokers.TestInvoker.invokeTestMethod(TestInvoker.java:221)
	at org.testng.internal.invokers.MethodRunner.runInSequence(MethodRunner.java:50)
	at org.testng.internal.invokers.TestInvoker$MethodInvocationAgent.invoke(TestInvoker.java:969)
	at org.testng.internal.invokers.TestInvoker.invokeTestMethods(TestInvoker.java:194)
	at org.testng.internal.invokers.TestMethodWorker.invokeTestMethods(TestMethodWorker.java:148)
	at org.testng.internal.invokers.TestMethodWorker.run(TestMethodWorker.java:128)
	at java.base/java.util.ArrayList.forEach(ArrayList.java:1596)
	at org.testng.TestRunner.privateRun(TestRunner.java:829)
	at org.testng.TestRunner.run(TestRunner.java:602)
	at org.testng.SuiteRunner.runTest(SuiteRunner.java:437)
	at org.testng.SuiteRunner.runSequentially(SuiteRunner.java:431)
	at org.testng.SuiteRunner.privateRun(SuiteRunner.java:391)
	at org.testng.SuiteRunner.run(SuiteRunner.java:330)
	at org.testng.SuiteRunnerWorker.runSuite(SuiteRunnerWorker.java:52)
	at org.testng.SuiteRunnerWorker.run(SuiteRunnerWorker.java:95)
	at org.testng.TestNG.runSuitesSequentially(TestNG.java:1256)
	at org.testng.TestNG.runSuitesLocally(TestNG.java:1176)
	at org.testng.TestNG.runSuites(TestNG.java:1099)
	at org.testng.TestNG.run(TestNG.java:1067)
	at org.testng.remote.AbstractRemoteTestNG.run(AbstractRemoteTestNG.java:115)
	at org.testng.remote.RemoteTestNG.initAndRun(RemoteTestNG.java:251)
	at org.testng.remote.RemoteTestNG.main(RemoteTestNG.java:77)
</pre></div></td>
<td>65</td>
<td>prod.Alerts@40dff0b7</td></tr>
<tr>
<td title='stage.Alerts.create_Alert_Stage()'><b>create_Alert_Stage</b><br>Test class: stage.Alerts<br>Test method: Create Alert on stage environment</td>
<td><div><pre>org.openqa.selenium.TimeoutException: Expected condition failed: waiting for visibility of element located by By.xpath: //button[text()=&apos;Create Alert&apos;] (tried for 30 second(s) with 500 milliseconds interval)
Build info: version: &apos;4.21.0&apos;, revision: &apos;79ed462ef4&apos;
System info: os.name: &apos;Windows 10&apos;, os.arch: &apos;amd64&apos;, os.version: &apos;10.0&apos;, java.version: &apos;21.0.1&apos;
Driver info: org.openqa.selenium.chrome.ChromeDriver
Capabilities {acceptInsecureCerts: false, browserName: chrome-headless-shell, browserVersion: 126.0.6478.127, chrome: {chromedriverVersion: 126.0.6478.126 (d36ace6122e..., userDataDir: C:\Users\wbox42\AppData\Loc...}, fedcm:accounts: true, goog:chromeOptions: {debuggerAddress: localhost:58494}, networkConnectionEnabled: false, pageLoadStrategy: normal, platformName: windows, proxy: Proxy(), se:cdp: ws://localhost:58494/devtoo..., se:cdpVersion: 126.0.6478.127, setWindowRect: true, strictFileInteractability: false, timeouts: {implicit: 0, pageLoad: 300000, script: 30000}, unhandledPromptBehavior: dismiss and notify, webauthn:extension:credBlob: true, webauthn:extension:largeBlob: true, webauthn:extension:minPinLength: true, webauthn:extension:prf: true, webauthn:virtualAuthenticators: true}
Session ID: 66a4c75bd9cb154b95c0f22d17395c5a
	at org.openqa.selenium.support.ui.WebDriverWait.timeoutException(WebDriverWait.java:84)
	at org.openqa.selenium.support.ui.FluentWait.until(FluentWait.java:228)
	at com.flightfinder.pomrepo.CreateAlertElements.synchronised(CreateAlertElements.java:24)
	at com.flightfinder.pomrepo.CreateAlertElements.getCreateAlertButton(CreateAlertElements.java:72)
	at stage.Alerts.create_Alert_Stage(Alerts.java:52)
	at java.base/java.util.ArrayList.forEach(ArrayList.java:1596)
... Removed 25 stack frames</pre></div><a href='#' onClick='toggleBox("stack-trace404235904", this, "Click to show all stack frames", "Click to hide stack frames")'>Click to show all stack frames</a>
<div class='stack-trace' id='stack-trace404235904'><pre>org.openqa.selenium.TimeoutException: Expected condition failed: waiting for visibility of element located by By.xpath: //button[text()=&apos;Create Alert&apos;] (tried for 30 second(s) with 500 milliseconds interval)
Build info: version: &apos;4.21.0&apos;, revision: &apos;79ed462ef4&apos;
System info: os.name: &apos;Windows 10&apos;, os.arch: &apos;amd64&apos;, os.version: &apos;10.0&apos;, java.version: &apos;21.0.1&apos;
Driver info: org.openqa.selenium.chrome.ChromeDriver
Capabilities {acceptInsecureCerts: false, browserName: chrome-headless-shell, browserVersion: 126.0.6478.127, chrome: {chromedriverVersion: 126.0.6478.126 (d36ace6122e..., userDataDir: C:\Users\wbox42\AppData\Loc...}, fedcm:accounts: true, goog:chromeOptions: {debuggerAddress: localhost:58494}, networkConnectionEnabled: false, pageLoadStrategy: normal, platformName: windows, proxy: Proxy(), se:cdp: ws://localhost:58494/devtoo..., se:cdpVersion: 126.0.6478.127, setWindowRect: true, strictFileInteractability: false, timeouts: {implicit: 0, pageLoad: 300000, script: 30000}, unhandledPromptBehavior: dismiss and notify, webauthn:extension:credBlob: true, webauthn:extension:largeBlob: true, webauthn:extension:minPinLength: true, webauthn:extension:prf: true, webauthn:virtualAuthenticators: true}
Session ID: 66a4c75bd9cb154b95c0f22d17395c5a
	at org.openqa.selenium.support.ui.WebDriverWait.timeoutException(WebDriverWait.java:84)
	at org.openqa.selenium.support.ui.FluentWait.until(FluentWait.java:228)
	at com.flightfinder.pomrepo.CreateAlertElements.synchronised(CreateAlertElements.java:24)
	at com.flightfinder.pomrepo.CreateAlertElements.getCreateAlertButton(CreateAlertElements.java:72)
	at stage.Alerts.create_Alert_Stage(Alerts.java:52)
	at java.base/jdk.internal.reflect.DirectMethodHandleAccessor.invoke(DirectMethodHandleAccessor.java:103)
	at java.base/java.lang.reflect.Method.invoke(Method.java:580)
	at org.testng.internal.invokers.MethodInvocationHelper.invokeMethod(MethodInvocationHelper.java:139)
	at org.testng.internal.invokers.TestInvoker.invokeMethod(TestInvoker.java:677)
	at org.testng.internal.invokers.TestInvoker.invokeTestMethod(TestInvoker.java:221)
	at org.testng.internal.invokers.MethodRunner.runInSequence(MethodRunner.java:50)
	at org.testng.internal.invokers.TestInvoker$MethodInvocationAgent.invoke(TestInvoker.java:969)
	at org.testng.internal.invokers.TestInvoker.invokeTestMethods(TestInvoker.java:194)
	at org.testng.internal.invokers.TestMethodWorker.invokeTestMethods(TestMethodWorker.java:148)
	at org.testng.internal.invokers.TestMethodWorker.run(TestMethodWorker.java:128)
	at java.base/java.util.ArrayList.forEach(ArrayList.java:1596)
	at org.testng.TestRunner.privateRun(TestRunner.java:829)
	at org.testng.TestRunner.run(TestRunner.java:602)
	at org.testng.SuiteRunner.runTest(SuiteRunner.java:437)
	at org.testng.SuiteRunner.runSequentially(SuiteRunner.java:431)
	at org.testng.SuiteRunner.privateRun(SuiteRunner.java:391)
	at org.testng.SuiteRunner.run(SuiteRunner.java:330)
	at org.testng.SuiteRunnerWorker.runSuite(SuiteRunnerWorker.java:52)
	at org.testng.SuiteRunnerWorker.run(SuiteRunnerWorker.java:95)
	at org.testng.TestNG.runSuitesSequentially(TestNG.java:1256)
	at org.testng.TestNG.runSuitesLocally(TestNG.java:1176)
	at org.testng.TestNG.runSuites(TestNG.java:1099)
	at org.testng.TestNG.run(TestNG.java:1067)
	at org.testng.remote.AbstractRemoteTestNG.run(AbstractRemoteTestNG.java:115)
	at org.testng.remote.RemoteTestNG.initAndRun(RemoteTestNG.java:251)
	at org.testng.remote.RemoteTestNG.main(RemoteTestNG.java:77)
</pre></div></td>
<td>92</td>
<td>stage.Alerts@235a0c16</td></tr>
<tr>
<td title='stage.Alerts.edit_Alert_Stage()'><b>edit_Alert_Stage</b><br>Test class: stage.Alerts<br>Test method: Edit Alert on stage environment</td>
<td><div><pre>org.openqa.selenium.NoSuchElementException: no such element: Unable to locate element: {&quot;method&quot;:&quot;xpath&quot;,&quot;selector&quot;:&quot;//span[text()=&apos;null&apos;][1]/ancestor::div[@class=&apos;alert-box droppable&apos;]//p[text()=&apos;Edit Alert&apos;]/..&quot;}
  (Session info: chrome-headless-shell=126.0.6478.127)
For documentation on this error, please visit: https://www.selenium.dev/documentation/webdriver/troubleshooting/errors#no-such-element-exception
Build info: version: &apos;4.21.0&apos;, revision: &apos;79ed462ef4&apos;
System info: os.name: &apos;Windows 10&apos;, os.arch: &apos;amd64&apos;, os.version: &apos;10.0&apos;, java.version: &apos;21.0.1&apos;
Driver info: org.openqa.selenium.chrome.ChromeDriver
Command: [87ed0cbbba653c19662467f367851378, findElement {value=//span[text()=&apos;null&apos;][1]/ancestor::div[@class=&apos;alert-box droppable&apos;]//p[text()=&apos;Edit Alert&apos;]/.., using=xpath}]
Capabilities {acceptInsecureCerts: false, browserName: chrome-headless-shell, browserVersion: 126.0.6478.127, chrome: {chromedriverVersion: 126.0.6478.126 (d36ace6122e..., userDataDir: C:\Users\wbox42\AppData\Loc...}, fedcm:accounts: true, goog:chromeOptions: {debuggerAddress: localhost:58745}, networkConnectionEnabled: false, pageLoadStrategy: normal, platformName: windows, proxy: Proxy(), se:cdp: ws://localhost:58745/devtoo..., se:cdpVersion: 126.0.6478.127, setWindowRect: true, strictFileInteractability: false, timeouts: {implicit: 0, pageLoad: 300000, script: 30000}, unhandledPromptBehavior: dismiss and notify, webauthn:extension:credBlob: true, webauthn:extension:largeBlob: true, webauthn:extension:minPinLength: true, webauthn:extension:prf: true, webauthn:virtualAuthenticators: true}
Session ID: 87ed0cbbba653c19662467f367851378
	at org.openqa.selenium.remote.ErrorCodec.decode(ErrorCodec.java:167)
	at org.openqa.selenium.remote.codec.w3c.W3CHttpResponseCodec.decode(W3CHttpResponseCodec.java:138)
	at org.openqa.selenium.remote.codec.w3c.W3CHttpResponseCodec.decode(W3CHttpResponseCodec.java:50)
	at org.openqa.selenium.remote.HttpCommandExecutor.execute(HttpCommandExecutor.java:190)
	at org.openqa.selenium.remote.service.DriverCommandExecutor.invokeExecute(DriverCommandExecutor.java:216)
	at org.openqa.selenium.remote.service.DriverCommandExecutor.execute(DriverCommandExecutor.java:174)
	at org.openqa.selenium.remote.RemoteWebDriver.execute(RemoteWebDriver.java:518)
	at org.openqa.selenium.remote.ElementLocation$ElementFinder$2.findElement(ElementLocation.java:165)
	at org.openqa.selenium.remote.ElementLocation.findElement(ElementLocation.java:59)
	at org.openqa.selenium.remote.RemoteWebDriver.findElement(RemoteWebDriver.java:355)
	at org.openqa.selenium.remote.RemoteWebDriver.findElement(RemoteWebDriver.java:349)
	at com.flightfinder.pomrepo.DeleteAlertElements.getEditAlertButton(DeleteAlertElements.java:51)
	at stage.Alerts.edit_Alert_Stage(Alerts.java:95)
	at java.base/java.util.ArrayList.forEach(ArrayList.java:1596)
... Removed 28 stack frames</pre></div><a href='#' onClick='toggleBox("stack-trace1759066387", this, "Click to show all stack frames", "Click to hide stack frames")'>Click to show all stack frames</a>
<div class='stack-trace' id='stack-trace1759066387'><pre>org.openqa.selenium.NoSuchElementException: no such element: Unable to locate element: {&quot;method&quot;:&quot;xpath&quot;,&quot;selector&quot;:&quot;//span[text()=&apos;null&apos;][1]/ancestor::div[@class=&apos;alert-box droppable&apos;]//p[text()=&apos;Edit Alert&apos;]/..&quot;}
  (Session info: chrome-headless-shell=126.0.6478.127)
For documentation on this error, please visit: https://www.selenium.dev/documentation/webdriver/troubleshooting/errors#no-such-element-exception
Build info: version: &apos;4.21.0&apos;, revision: &apos;79ed462ef4&apos;
System info: os.name: &apos;Windows 10&apos;, os.arch: &apos;amd64&apos;, os.version: &apos;10.0&apos;, java.version: &apos;21.0.1&apos;
Driver info: org.openqa.selenium.chrome.ChromeDriver
Command: [87ed0cbbba653c19662467f367851378, findElement {value=//span[text()=&apos;null&apos;][1]/ancestor::div[@class=&apos;alert-box droppable&apos;]//p[text()=&apos;Edit Alert&apos;]/.., using=xpath}]
Capabilities {acceptInsecureCerts: false, browserName: chrome-headless-shell, browserVersion: 126.0.6478.127, chrome: {chromedriverVersion: 126.0.6478.126 (d36ace6122e..., userDataDir: C:\Users\wbox42\AppData\Loc...}, fedcm:accounts: true, goog:chromeOptions: {debuggerAddress: localhost:58745}, networkConnectionEnabled: false, pageLoadStrategy: normal, platformName: windows, proxy: Proxy(), se:cdp: ws://localhost:58745/devtoo..., se:cdpVersion: 126.0.6478.127, setWindowRect: true, strictFileInteractability: false, timeouts: {implicit: 0, pageLoad: 300000, script: 30000}, unhandledPromptBehavior: dismiss and notify, webauthn:extension:credBlob: true, webauthn:extension:largeBlob: true, webauthn:extension:minPinLength: true, webauthn:extension:prf: true, webauthn:virtualAuthenticators: true}
Session ID: 87ed0cbbba653c19662467f367851378
	at java.base/jdk.internal.reflect.DirectConstructorHandleAccessor.newInstance(DirectConstructorHandleAccessor.java:62)
	at java.base/java.lang.reflect.Constructor.newInstanceWithCaller(Constructor.java:502)
	at java.base/java.lang.reflect.Constructor.newInstance(Constructor.java:486)
	at org.openqa.selenium.remote.ErrorCodec.decode(ErrorCodec.java:167)
	at org.openqa.selenium.remote.codec.w3c.W3CHttpResponseCodec.decode(W3CHttpResponseCodec.java:138)
	at org.openqa.selenium.remote.codec.w3c.W3CHttpResponseCodec.decode(W3CHttpResponseCodec.java:50)
	at org.openqa.selenium.remote.HttpCommandExecutor.execute(HttpCommandExecutor.java:190)
	at org.openqa.selenium.remote.service.DriverCommandExecutor.invokeExecute(DriverCommandExecutor.java:216)
	at org.openqa.selenium.remote.service.DriverCommandExecutor.execute(DriverCommandExecutor.java:174)
	at org.openqa.selenium.remote.RemoteWebDriver.execute(RemoteWebDriver.java:518)
	at org.openqa.selenium.remote.ElementLocation$ElementFinder$2.findElement(ElementLocation.java:165)
	at org.openqa.selenium.remote.ElementLocation.findElement(ElementLocation.java:59)
	at org.openqa.selenium.remote.RemoteWebDriver.findElement(RemoteWebDriver.java:355)
	at org.openqa.selenium.remote.RemoteWebDriver.findElement(RemoteWebDriver.java:349)
	at com.flightfinder.pomrepo.DeleteAlertElements.getEditAlertButton(DeleteAlertElements.java:51)
	at stage.Alerts.edit_Alert_Stage(Alerts.java:95)
	at java.base/jdk.internal.reflect.DirectMethodHandleAccessor.invoke(DirectMethodHandleAccessor.java:103)
	at java.base/java.lang.reflect.Method.invoke(Method.java:580)
	at org.testng.internal.invokers.MethodInvocationHelper.invokeMethod(MethodInvocationHelper.java:139)
	at org.testng.internal.invokers.TestInvoker.invokeMethod(TestInvoker.java:677)
	at org.testng.internal.invokers.TestInvoker.invokeTestMethod(TestInvoker.java:221)
	at org.testng.internal.invokers.MethodRunner.runInSequence(MethodRunner.java:50)
	at org.testng.internal.invokers.TestInvoker$MethodInvocationAgent.invoke(TestInvoker.java:969)
	at org.testng.internal.invokers.TestInvoker.invokeTestMethods(TestInvoker.java:194)
	at org.testng.internal.invokers.TestMethodWorker.invokeTestMethods(TestMethodWorker.java:148)
	at org.testng.internal.invokers.TestMethodWorker.run(TestMethodWorker.java:128)
	at java.base/java.util.ArrayList.forEach(ArrayList.java:1596)
	at org.testng.TestRunner.privateRun(TestRunner.java:829)
	at org.testng.TestRunner.run(TestRunner.java:602)
	at org.testng.SuiteRunner.runTest(SuiteRunner.java:437)
	at org.testng.SuiteRunner.runSequentially(SuiteRunner.java:431)
	at org.testng.SuiteRunner.privateRun(SuiteRunner.java:391)
	at org.testng.SuiteRunner.run(SuiteRunner.java:330)
	at org.testng.SuiteRunnerWorker.runSuite(SuiteRunnerWorker.java:52)
	at org.testng.SuiteRunnerWorker.run(SuiteRunnerWorker.java:95)
	at org.testng.TestNG.runSuitesSequentially(TestNG.java:1256)
	at org.testng.TestNG.runSuitesLocally(TestNG.java:1176)
	at org.testng.TestNG.runSuites(TestNG.java:1099)
	at org.testng.TestNG.run(TestNG.java:1067)
	at org.testng.remote.AbstractRemoteTestNG.run(AbstractRemoteTestNG.java:115)
	at org.testng.remote.RemoteTestNG.initAndRun(RemoteTestNG.java:251)
	at org.testng.remote.RemoteTestNG.main(RemoteTestNG.java:77)
</pre></div></td>
<td>41</td>
<td>stage.Alerts@235a0c16</td></tr>
</table><p>
<table width='100%' border='1' class='invocation-passed'>
<tr><td colspan='4' align='center'><b>PASSED TESTS</b></td></tr>
<tr><td><b>Test method</b></td>
<td><b>Attribute(s)</b></td>
<td width="30%"><b>Exception</b></td>
<td width="10%"><b>Time (seconds)</b></td>
<td><b>Instance</b></td>
</tr>
<tr>
<td title='prod.Regression.ApplestoreProd()'><b>ApplestoreProd</b><br>Test class: prod.Regression<br>Test method: Check Apple store link redirection</td>
<td></td>
<td>31</td>
<td>prod.Regression@6955cb39</td></tr>
<tr>
<td title='prod.Membership_Restrictions.date_range_restrictions_bronze()'><b>date_range_restrictions_bronze</b><br>Test class: prod.Membership_Restrictions<br>Test method: Alert date range Restrictions for Bronze user</td>
<td></td>
<td>88</td>
<td>prod.Membership_Restrictions@4c5474f5</td></tr>
<tr>
<td title='prod.Regression.LinkedinProd()'><b>LinkedinProd</b><br>Test class: prod.Regression<br>Test method: Check linkedin link redirection</td>
<td></td>
<td>21</td>
<td>prod.Regression@6955cb39</td></tr>
<tr>
<td title='stage.SignupStage.signup_SilverYearly_Stage()'><b>signup_SilverYearly_Stage</b><br>Test class: stage.SignupStage<br>Test method: Signup as a Silver Yearly user on stage environment</td>
<td></td>
<td>70</td>
<td>stage.SignupStage@2b5f4d54</td></tr>
<tr>
<td title='prod.Regression.popularBlogs_Check_Prod()'><b>popularBlogs_Check_Prod</b><br>Test class: prod.Regression<br>Test method: Check visibility of popular blogs on prod environment</td>
<td></td>
<td>18</td>
<td>prod.Regression@6955cb39</td></tr>
<tr>
<td title='prod.Regression.TwitterProd()'><b>TwitterProd</b><br>Test class: prod.Regression<br>Test method: Check twitter link redirection</td>
<td></td>
<td>34</td>
<td>prod.Regression@6955cb39</td></tr>
<tr>
<td title='prod.Regression.popularTopics_Check_Prod()'><b>popularTopics_Check_Prod</b><br>Test class: prod.Regression<br>Test method: Check visibility of popular topics on prod environment</td>
<td></td>
<td>15</td>
<td>prod.Regression@6955cb39</td></tr>
<tr>
<td title='stage.SignupStage.signup_Bronze_Stage()'><b>signup_Bronze_Stage</b><br>Test class: stage.SignupStage<br>Test method: Signup as a Bronze user on stage environment</td>
<td></td>
<td>50</td>
<td>stage.SignupStage@2b5f4d54</td></tr>
<tr>
<td title='prod.Regression.GuestuserProd()'><b>GuestuserProd</b><br>Test class: prod.Regression<br>Test method: Check visibility signup banner to guest user on Calender page</td>
<td></td>
<td>47</td>
<td>prod.Regression@6955cb39</td></tr>
<tr>
<td title='prod.Regression.signup_Bronze_Prod()'><b>signup_Bronze_Prod</b><br>Test class: prod.Regression<br>Test method: Signup as a Bronze user on prod environment</td>
<td></td>
<td>30</td>
<td>prod.Regression@6955cb39</td></tr>
<tr>
<td title='prod.Regression.AppstoreImage_Check_Prod()'><b>AppstoreImage_Check_Prod</b><br>Test class: prod.Regression<br>Test method: Check visibility of Appstore logo</td>
<td></td>
<td>17</td>
<td>prod.Regression@6955cb39</td></tr>
<tr>
<td title='stage.SignupStage.signup_GoldYearly_Stage()'><b>signup_GoldYearly_Stage</b><br>Test class: stage.SignupStage<br>Test method: Signup as a Gold Yearly user on stage environment</td>
<td></td>
<td>69</td>
<td>stage.SignupStage@2b5f4d54</td></tr>
<tr>
<td title='prod.Regression.facebookProd()'><b>facebookProd</b><br>Test class: prod.Regression<br>Test method: Check facebook link redirection</td>
<td></td>
<td>32</td>
<td>prod.Regression@6955cb39</td></tr>
<tr>
<td title='prod.Alerts.create_Alert_Prod()'><b>create_Alert_Prod</b><br>Test class: prod.Alerts<br>Test method: Create an Alert on prod environment</td>
<td></td>
<td>99</td>
<td>prod.Alerts@40dff0b7</td></tr>
<tr>
<td title='stage.SignupStage.signup_SilverMonthly_Stage()'><b>signup_SilverMonthly_Stage</b><br>Test class: stage.SignupStage<br>Test method: Signup as a Silver Monthly user on stage environment</td>
<td></td>
<td>71</td>
<td>stage.SignupStage@2b5f4d54</td></tr>
<tr>
<td title='prod.Alerts.delete_Alert_Prod()'><b>delete_Alert_Prod</b><br>Test class: prod.Alerts<br>Test method: Delete an Alert on prod environment</td>
<td></td>
<td>39</td>
<td>prod.Alerts@40dff0b7</td></tr>
<tr>
<td title='prod.Membership_Restrictions.check_five_alert_restriction_silver()'><b>check_five_alert_restriction_silver</b><br>Test class: prod.Membership_Restrictions<br>Test method: Five Active Alert Restriction for Silver user</td>
<td></td>
<td>100</td>
<td>prod.Membership_Restrictions@4c5474f5</td></tr>
<tr>
<td title='prod.Regression.GooglePlayProd()'><b>GooglePlayProd</b><br>Test class: prod.Regression<br>Test method: Check Google play link redirection</td>
<td></td>
<td>29</td>
<td>prod.Regression@6955cb39</td></tr>
<tr>
<td title='prod.Membership_Restrictions.Check_bronze_mapPage_restrictions()'><b>Check_bronze_mapPage_restrictions</b><br>Test class: prod.Membership_Restrictions<br>Test method: Map page Restrictions for Bronze user</td>
<td></td>
<td>81</td>
<td>prod.Membership_Restrictions@4c5474f5</td></tr>
<tr>
<td title='prod.Regression.InstagramProd()'><b>InstagramProd</b><br>Test class: prod.Regression<br>Test method: Check Instagram link redirection</td>
<td></td>
<td>31</td>
<td>prod.Regression@6955cb39</td></tr>
<tr>
<td title='dev.SignupDev.signup_GoldYearly_Dev()'><b>signup_GoldYearly_Dev</b><br>Test class: dev.SignupDev<br>Test method: Signup as a Gold Yearly user on dev environment</td>
<td></td>
<td>69</td>
<td>dev.SignupDev@5f7b97da</td></tr>
<tr>
<td title='prod.Regression.popularArticles_Check_Prod()'><b>popularArticles_Check_Prod</b><br>Test class: prod.Regression<br>Test method: Check visibility of popular articles on prod environment</td>
<td></td>
<td>19</td>
<td>prod.Regression@6955cb39</td></tr>
<tr>
<td title='prod.Membership_Restrictions.check_one_alert_restriction_bronze()'><b>check_one_alert_restriction_bronze</b><br>Test class: prod.Membership_Restrictions<br>Test method: One Active alert Restriction for bronze user</td>
<td></td>
<td>113</td>
<td>prod.Membership_Restrictions@4c5474f5</td></tr>
<tr>
<td title='dev.SignupDev.signup_GoldMonthly_Dev()'><b>signup_GoldMonthly_Dev</b><br>Test class: dev.SignupDev<br>Test method: Signup as a Gold Monthly user on dev environment</td>
<td></td>
<td>69</td>
<td>dev.SignupDev@5f7b97da</td></tr>
<tr>
<td title='prod.Regression.login_Valid_Credentials_Prod()'><b>login_Valid_Credentials_Prod</b><br>Test class: prod.Regression<br>Test method: Login using valid credentials</td>
<td></td>
<td>31</td>
<td>prod.Regression@6955cb39</td></tr>
<tr>
<td title='dev.SignupDev.signup_SilverMonthly_Dev()'><b>signup_SilverMonthly_Dev</b><br>Test class: dev.SignupDev<br>Test method: Signup as a Silver Monthly user on dev environment</td>
<td></td>
<td>70</td>
<td>dev.SignupDev@5f7b97da</td></tr>
<tr>
<td title='stage.SignupStage.signup_GoldMonthly_Stage()'><b>signup_GoldMonthly_Stage</b><br>Test class: stage.SignupStage<br>Test method: Signup as a Gold Monthly user on stage environment</td>
<td></td>
<td>69</td>
<td>stage.SignupStage@2b5f4d54</td></tr>
<tr>
<td title='prod.Regression.login_Invalid_Credentials_Prod()'><b>login_Invalid_Credentials_Prod</b><br>Test class: prod.Regression<br>Test method: Login using invalid credentials</td>
<td></td>
<td>23</td>
<td>prod.Regression@6955cb39</td></tr>
<tr>
<td title='prod.Regression.KbarHeaderProd()'><b>KbarHeaderProd</b><br>Test class: prod.Regression<br>Test method: Check visibility of Kbar</td>
<td></td>
<td>8</td>
<td>prod.Regression@6955cb39</td></tr>
<tr>
<td title='prod.Regression.Check_Map_Page_Destinations()'><b>Check_Map_Page_Destinations</b><br>Test class: prod.Regression<br>Test method: Check Map page destinations</td>
<td></td>
<td>94</td>
<td>prod.Regression@6955cb39</td></tr>
<tr>
<td title='dev.SignupDev.signup_Bronze_Dev()'><b>signup_Bronze_Dev</b><br>Test class: dev.SignupDev<br>Test method: Signup as a Bronze user on Dev environment</td>
<td></td>
<td>49</td>
<td>dev.SignupDev@5f7b97da</td></tr>
<tr>
<td title='prod.Membership_Restrictions.date_range_restrictions_silver()'><b>date_range_restrictions_silver</b><br>Test class: prod.Membership_Restrictions<br>Test method: Alert date range Restrictions for Silver user</td>
<td></td>
<td>95</td>
<td>prod.Membership_Restrictions@4c5474f5</td></tr>
<tr>
<td title='dev.SignupDev.signup_SilverYearly_Dev()'><b>signup_SilverYearly_Dev</b><br>Test class: dev.SignupDev<br>Test method: Signup as a Silver Yearly user on dev environment</td>
<td></td>
<td>68</td>
<td>dev.SignupDev@5f7b97da</td></tr>
</table><p>
</body>
</html>